<?xml version="1.0"?>
<!--DOCTYPE coverage SYSTEM "http://cobertura.sourceforge.net/xml/coverage-04.dtd"-->
<coverage branch-rate="1.0" branches-covered="1.0" branches-valid="1.0" complexity="0.0" line-rate="0.5451768412008974" lines-covered="11422" lines-valid="20951" timestamp="1577914198" version="0.1">
	<sources>
		<source>/Users/ZooKeeper/Zoo</source>
		<source>/Users/salvatorefabiorocca/Documents/Repositories/xccov-json-as-cobertura-xml.py/xccov-json-as-cobertura-xml.py</source>
	</sources>
	<packages>
		<package branch-rate="1.0" complexity="0.0" line-rate="0.775" name="Zoo.app.Code.Birds">
			<classes>
				<class branch-rate="1.0" complexity="0.0" filename="Code/Birds/Eagle.swift" line-rate="0.65" name="Eagle">
					<methods/>
					<lines>
						<line branch="false" hits="1" number="18"/>
						<line branch="false" hits="1" number="19"/>
						<line branch="false" hits="1" number="20"/>
						<line branch="false" hits="1" number="21"/>
						<line branch="false" hits="1" number="22"/>
						<line branch="false" hits="1" number="23"/>
						<line branch="false" hits="1" number="24"/>
						<line branch="false" hits="1" number="25"/>
						<line branch="false" hits="1" number="26"/>
						<line branch="false" hits="1" number="27"/>
						<line branch="false" hits="1" number="28"/>
						<line branch="false" hits="1" number="29"/>
						<line branch="false" hits="1" number="30"/>
						<line branch="false" hits="1" number="31"/>
						<line branch="false" hits="1" number="32"/>
						<line branch="false" hits="1" number="33"/>
						<line branch="false" hits="12" number="46"/>
						<line branch="false" hits="12" number="47"/>
						<line branch="false" hits="12" number="48"/>
						<line branch="false" hits="12" number="49"/>
						<line branch="false" hits="2" number="50"/>
						<line branch="false" hits="2" number="51"/>
						<line branch="false" hits="2" number="52"/>
						<line branch="false" hits="2" number="53"/>
						<line branch="false" hits="12" number="54"/>
						<line branch="false" hits="12" number="55"/>
						<line branch="false" hits="0" number="56"/>
						<line branch="false" hits="0" number="57"/>
						<line branch="false" hits="0" number="58"/>
						<line branch="false" hits="0" number="59"/>
						<line branch="false" hits="0" number="60"/>
					</lines>
				</class>
				<class branch-rate="1.0" complexity="0.0" filename="Code/Birds/Penguin.swift" line-rate="0.9" name="Penguin">
					<methods/>
					<lines>
						<line branch="false" hits="7813" number="16"/>
						<line branch="false" hits="7813" number="17"/>
						<line branch="false" hits="7813" number="18"/>
						<line branch="false" hits="7813" number="19"/>
					</lines>
				</class>
			</classes>
		</package>
		<package branch-rate="1.0" complexity="0.0" line-rate="0.825" name="Zoo.app.Code.Carnivores">
			<classes>
				<class branch-rate="1.0" complexity="0.0" filename="Code/Carnivores/Lion.swift" line-rate="0.825" name="Lion">
					<methods/>
					<lines>
						<line branch="false" hits="9999" number="1"/>
						<line branch="false" hits="9999" number="2"/>
						<line branch="false" hits="9999" number="3"/>
						<line branch="false" hits="9999" number="4"/>
						<line branch="false" hits="9999" number="5"/>
						<line branch="false" hits="9999" number="6"/>
						<line branch="false" hits="9999" number="7"/>
						<line branch="false" hits="9999" number="8"/>
						<line branch="false" hits="9999" number="9"/>
						<line branch="false" hits="9999" number="10"/>
						<line branch="false" hits="9999" number="11"/>
						<line branch="false" hits="9999" number="12"/>
						<line branch="false" hits="9999" number="13"/>
						<line branch="false" hits="9999" number="14"/>
						<line branch="false" hits="9999" number="15"/>
						<line branch="false" hits="9999" number="16"/>
						<line branch="false" hits="9999" number="17"/>
						<line branch="false" hits="9999" number="18"/>
						<line branch="false" hits="9999" number="19"/>
						<line branch="false" hits="9999" number="20"/>
						<line branch="false" hits="9999" number="21"/>
						<line branch="false" hits="9999" number="22"/>
						<line branch="false" hits="9999" number="23"/>
						<line branch="false" hits="9999" number="24"/>
						<line branch="false" hits="9999" number="25"/>
						<line branch="false" hits="9999" number="26"/>
						<line branch="false" hits="0" number="27"/>
						<line branch="false" hits="0" number="28"/>
						<line branch="false" hits="0" number="29"/>
						<line branch="false" hits="0" number="30"/>
					</lines>
				</class>
			</classes>
		</package>
		<package branch-rate="1.0" complexity="0.0" line-rate="0.5387755102040817" name="Zoo.appex.Code.Carnivores.Extinct.Dinosaurs">
			<classes>
				<class branch-rate="1.0" complexity="0.0" filename="Code/Carnivores/Extinct/Dinosaurs/T-Rex.swift" line-rate="0.5387755102040817" name="TRex">
					<methods/>
					<lines>
						<line branch="false" hits="1" number="18"/>
						<line branch="false" hits="1" number="19"/>
						<line branch="false" hits="1" number="20"/>
						<line branch="false" hits="1" number="21"/>
						<line branch="false" hits="1" number="22"/>
						<line branch="false" hits="1" number="23"/>
						<line branch="false" hits="1" number="24"/>
						<line branch="false" hits="1" number="25"/>
						<line branch="false" hits="1" number="26"/>
						<line branch="false" hits="1" number="27"/>
						<line branch="false" hits="1" number="28"/>
						<line branch="false" hits="1" number="29"/>
						<line branch="false" hits="1" number="30"/>
						<line branch="false" hits="1" number="31"/>
						<line branch="false" hits="1" number="32"/>
						<line branch="false" hits="1" number="33"/>
					</lines>
				</class>
			</classes>
		</package>
		<package branch-rate="1.0" complexity="0.0" line-rate="0.12358132134" name="Zoo.appex.Code.Carnivores">
			<classes>
				<class branch-rate="1.0" complexity="0.0" filename="Code/Carnivores/Tiger.swift" line-rate="0.12358132134" name="Tiger">
					<methods/>
					<lines>
						<line branch="false" hits="1" number="1"/>
						<line branch="false" hits="1" number="2"/>
						<line branch="false" hits="1" number="3"/>
						<line branch="false" hits="3" number="22"/>
						<line branch="false" hits="0" number="23"/>
						<line branch="false" hits="0" number="24"/>
						<line branch="false" hits="3" number="25"/>
						<line branch="false" hits="3" number="26"/>
						<line branch="false" hits="3" number="27"/>
						<line branch="false" hits="3" number="28"/>
						<line branch="false" hits="3" number="29"/>
					</lines>
				</class>
			</classes>
		</package>
	</packages>
</coverage>
